# JRE version: Java(TM) SE Runtime Environment (8.0_271-b09) (build 1.8.0_271-b09)
# Java VM: Java HotSpot(TM) 64-Bit Server VM (25.271-b09 mixed mode windows-amd64 compressed oops)
Heap:
 PSYoungGen      total 38400K, used 0K [0x00000000d5c00000, 0x00000000d8680000, 0x0000000100000000)
  eden space 33280K, 0% used [0x00000000d5c00000,0x00000000d5c001d0,0x00000000d7c80000)
  from space 5120K, 0% used [0x00000000d7c80000,0x00000000d7c80000,0x00000000d8180000)
  to   space 5120K, 0% used [0x00000000d8180000,0x00000000d8180000,0x00000000d8680000)
 ParOldGen       total 87552K, used 1642K [0x0000000081400000, 0x0000000086980000, 0x00000000d5c00000)
  object space 87552K, 1% used [0x0000000081400000,0x000000008159ab48,0x0000000086980000)
 Metaspace       used 8752K, capacity 8842K, committed 8960K, reserved 1056768K
  class space    used 911K, capacity 945K, committed 1024K, reserved 1048576K
GC Heap History (8 events):
Event: 55.090 GC heap before
{Heap before GC invocations=1 (full 0):
 PSYoungGen      total 38400K, used 26909K [0x00000000d5c00000, 0x00000000d8680000, 0x0000000100000000)
  eden space 33280K, 80% used [0x00000000d5c00000,0x00000000d7647568,0x00000000d7c80000)
  from space 5120K, 0% used [0x00000000d8180000,0x00000000d8180000,0x00000000d8680000)
  to   space 5120K, 0% used [0x00000000d7c80000,0x00000000d7c80000,0x00000000d8180000)
 ParOldGen       total 87552K, used 0K [0x0000000081400000, 0x0000000086980000, 0x00000000d5c00000)
  object space 87552K, 0% used [0x0000000081400000,0x0000000081400000,0x0000000086980000)
 Metaspace       used 8563K, capacity 8682K, committed 8960K, reserved 1056768K
  class space    used 894K, capacity 913K, committed 1024K, reserved 1048576K
Event: 55.097 GC heap after
Heap after GC invocations=1 (full 0):
 PSYoungGen      total 38400K, used 3990K [0x00000000d5c00000, 0x00000000d8680000, 0x0000000100000000)
  eden space 33280K, 0% used [0x00000000d5c00000,0x00000000d5c00000,0x00000000d7c80000)
  from space 5120K, 77% used [0x00000000d7c80000,0x00000000d8065908,0x00000000d8180000)
  to   space 5120K, 0% used [0x00000000d8180000,0x00000000d8180000,0x00000000d8680000)
 ParOldGen       total 87552K, used 8K [0x0000000081400000, 0x0000000086980000, 0x00000000d5c00000)
  object space 87552K, 0% used [0x0000000081400000,0x0000000081402000,0x0000000086980000)
 Metaspace       used 8563K, capacity 8682K, committed 8960K, reserved 1056768K
  class space    used 894K, capacity 913K, committed 1024K, reserved 1048576K
}
Event: 55.097 GC heap before
{Heap before GC invocations=2 (full 1):
 PSYoungGen      total 38400K, used 3990K [0x00000000d5c00000, 0x00000000d8680000, 0x0000000100000000)
  eden space 33280K, 0% used [0x00000000d5c00000,0x00000000d5c00000,0x00000000d7c80000)
  from space 5120K, 77% used [0x00000000d7c80000,0x00000000d8065908,0x00000000d8180000)
  to   space 5120K, 0% used [0x00000000d8180000,0x00000000d8180000,0x00000000d8680000)
 ParOldGen       total 87552K, used 8K [0x0000000081400000, 0x0000000086980000, 0x00000000d5c00000)
  object space 87552K, 0% used [0x0000000081400000,0x0000000081402000,0x0000000086980000)
 Metaspace       used 8563K, capacity 8682K, committed 8960K, reserved 1056768K
  class space    used 894K, capacity 913K, committed 1024K, reserved 1048576K
Event: 55.108 GC heap after
Heap after GC invocations=2 (full 1):
 PSYoungGen      total 38400K, used 0K [0x00000000d5c00000, 0x00000000d8680000, 0x0000000100000000)
  eden space 33280K, 0% used [0x00000000d5c00000,0x00000000d5c00000,0x00000000d7c80000)
  from space 5120K, 0% used [0x00000000d7c80000,0x00000000d7c80000,0x00000000d8180000)
  to   space 5120K, 0% used [0x00000000d8180000,0x00000000d8180000,0x00000000d8680000)
 ParOldGen       total 87552K, used 3793K [0x0000000081400000, 0x0000000086980000, 0x00000000d5c00000)
  object space 87552K, 4% used [0x0000000081400000,0x00000000817b45b0,0x0000000086980000)
 Metaspace       used 8563K, capacity 8682K, committed 8960K, reserved 1056768K
  class space    used 894K, capacity 913K, committed 1024K, reserved 1048576K
}
Event: 55.129 GC heap before
{Heap before GC invocations=3 (full 1):
 PSYoungGen      total 38400K, used 2297K [0x00000000d5c00000, 0x00000000d8680000, 0x0000000100000000)
  eden space 33280K, 6% used [0x00000000d5c00000,0x00000000d5e3e4a8,0x00000000d7c80000)
  from space 5120K, 0% used [0x00000000d7c80000,0x00000000d7c80000,0x00000000d8180000)
  to   space 5120K, 0% used [0x00000000d8180000,0x00000000d8180000,0x00000000d8680000)
 ParOldGen       total 87552K, used 3793K [0x0000000081400000, 0x0000000086980000, 0x00000000d5c00000)
  object space 87552K, 4% used [0x0000000081400000,0x00000000817b45b0,0x0000000086980000)
 Metaspace       used 8711K, capacity 8746K, committed 8960K, reserved 1056768K
  class space    used 905K, capacity 913K, committed 1024K, reserved 1048576K
Event: 55.129 GC heap after
Heap after GC invocations=3 (full 1):
 PSYoungGen      total 38400K, used 182K [0x00000000d5c00000, 0x00000000d8680000, 0x0000000100000000)
  eden space 33280K, 0% used [0x00000000d5c00000,0x00000000d5c00000,0x00000000d7c80000)
  from space 5120K, 3% used [0x00000000d8180000,0x00000000d81ad810,0x00000000d8680000)
  to   space 5120K, 0% used [0x00000000d7c80000,0x00000000d7c80000,0x00000000d8180000)
 ParOldGen       total 87552K, used 3801K [0x0000000081400000, 0x0000000086980000, 0x00000000d5c00000)
  object space 87552K, 4% used [0x0000000081400000,0x00000000817b65b0,0x0000000086980000)
 Metaspace       used 8711K, capacity 8746K, committed 8960K, reserved 1056768K
  class space    used 905K, capacity 913K, committed 1024K, reserved 1048576K
}
Event: 55.129 GC heap before
{Heap before GC invocations=4 (full 2):
 PSYoungGen      total 38400K, used 182K [0x00000000d5c00000, 0x00000000d8680000, 0x0000000100000000)
  eden space 33280K, 0% used [0x00000000d5c00000,0x00000000d5c00000,0x00000000d7c80000)
  from space 5120K, 3% used [0x00000000d8180000,0x00000000d81ad810,0x00000000d8680000)
  to   space 5120K, 0% used [0x00000000d7c80000,0x00000000d7c80000,0x00000000d8180000)
 ParOldGen       total 87552K, used 3801K [0x0000000081400000, 0x0000000086980000, 0x00000000d5c00000)
  object space 87552K, 4% used [0x0000000081400000,0x00000000817b65b0,0x0000000086980000)
 Metaspace       used 8711K, capacity 8746K, committed 8960K, reserved 1056768K
  class space    used 905K, capacity 913K, committed 1024K, reserved 1048576K
Event: 55.144 GC heap after
Heap after GC invocations=4 (full 2):
 PSYoungGen      total 38400K, used 0K [0x00000000d5c00000, 0x00000000d8680000, 0x0000000100000000)
  eden space 33280K, 0% used [0x00000000d5c00000,0x00000000d5c00000,0x00000000d7c80000)
  from space 5120K, 0% used [0x00000000d8180000,0x00000000d8180000,0x00000000d8680000)
  to   space 5120K, 0% used [0x00000000d7c80000,0x00000000d7c80000,0x00000000d8180000)
 ParOldGen       total 87552K, used 1686K [0x0000000081400000, 0x0000000086980000, 0x00000000d5c00000)
  object space 87552K, 1% used [0x0000000081400000,0x00000000815a5938,0x0000000086980000)
 Metaspace       used 8711K, capacity 8746K, committed 8960K, reserved 1056768K
  class space    used 905K, capacity 913K, committed 1024K, reserved 1048576K
}

